Arguments: 
  C:\Program Files\nodejs\node.exe C:\Users\runni\AppData\Roaming\npm\node_modules\yarn\bin\yarn.js init

PATH: 
  C:\Program Files (x86)\Common Files\Oracle\Java\javapath;C:\WINDOWS\system32;C:\WINDOWS;C:\WINDOWS\System32\Wbem;C:\WINDOWS\System32\WindowsPowerShell\v1.0\;C:\WINDOWS\System32\OpenSSH\;C:\Program Files\dotnet\;C:\Program Files\Microsoft SQL Server\130\Tools\Binn\;C:\Program Files\Microsoft SQL Server\Client SDK\ODBC\170\Tools\Binn\;C:\Program Files\nodejs\;C:\Program Files\Git\cmd;C:\Program Files\NVIDIA Corporation\NVIDIA NvDLISR;C:\Program Files (x86)\NVIDIA Corporation\PhysX\Common;C:\Users\runni\AppData\Local\Programs\Python\Python39\Scripts\;C:\Users\runni\AppData\Local\Programs\Python\Python39\;C:\Users\runni\AppData\Local\Microsoft\WindowsApps;C:\Users\runni\.dotnet\tools;C:\Users\runni\AppData\Local\atom\bin;C:\Users\runni\.dotnet\tools;C:\Users\runni\AppData\Roaming\npm;C:\Users\runni\AppData\Local\GitHubDesktop\bin;C:\Users\runni\AppData\Local\Programs\Microsoft VS Code\bin;C:\Program Files\Git\bin;C:\Program Files\nodejs;C:\Users\runni\AppData\Roaming\npm;C:\Program Files\MongoDB\Server\4.2\bin;

Yarn version: 
  1.22.11

Node version: 
  16.6.0

Platform: 
  win32 x64

Trace: 
  Error: EISDIR: illegal operation on a directory, read

npm manifest: 
  {
    "name": "week2",
    "version": "1.0.0",
    "description": "",
    "main": "index.js",
    "scripts": {
      "test": "echo \"Error: no test specified\" && exit 1"
    },
    "author": "301167760",
    "license": "ISC",
    "dependencies": {
      "express": "^4.17.1"
    }
  }

yarn manifest: 
  No manifest

Lockfile: 
  No lockfile
